\BOOKMARK [1][-]{chapter*.1}{Resumen}{}% 1
\BOOKMARK [1][-]{chapter*.2}{Abstract}{}% 2
\BOOKMARK [1][-]{chapter*.3}{Indice de figuras}{}% 3
\BOOKMARK [1][-]{chapter*.4}{Indice de tablas}{}% 4
\BOOKMARK [0][-]{chapter.1}{Introducci\363n}{}% 5
\BOOKMARK [0][-]{chapter.2}{Marco te\363rico}{}% 6
\BOOKMARK [1][-]{section.2.1}{Primera secci\363n}{chapter.2}% 7
\BOOKMARK [2][-]{subsection.2.1.1}{Subsecci\363n uno}{section.2.1}% 8
\BOOKMARK [3][-]{subsubsection.2.1.1.1}{SubSubsecci\363n uno}{subsection.2.1.1}% 9
\BOOKMARK [3][-]{subsubsection.2.1.1.2}{SubSubsecci\363n dos}{subsection.2.1.1}% 10
\BOOKMARK [3][-]{subsubsection.2.1.1.3}{Sub-Subsecci\363n tres}{subsection.2.1.1}% 11
\BOOKMARK [2][-]{subsection.2.1.2}{Subsecci\363n dos}{section.2.1}% 12
\BOOKMARK [1][-]{section.2.2}{Segunda secci\363n}{chapter.2}% 13
\BOOKMARK [0][-]{chapter.3}{M\351todo}{}% 14
\BOOKMARK [1][-]{section.3.1}{Tercera secci\363n}{chapter.3}% 15
\BOOKMARK [1][-]{section.3.2}{Cuarta secci\363n}{chapter.3}% 16
\BOOKMARK [0][-]{chapter.4}{Resultados}{}% 17
\BOOKMARK [0][-]{chapter.5}{Discusi\363n de resultados}{}% 18
\BOOKMARK [0][-]{chapter.6}{Conclusiones}{}% 19
\BOOKMARK [0][-]{chapter*.6}{Referencias}{}% 20
\BOOKMARK [0][-]{chapter*.7}{Apendice}{}% 21
